[0413/134151.832:ERROR:scoped_process_suspend.cc(30)] NtSuspendProcess: An attempt was made to access an exiting process.  (0xc000010a)
[0413/134151.881:ERROR:process_info.cc(116)] ReadProcessMemory bool __cdecl crashpad::`anonymous-namespace'::ReadStruct<struct crashpad::process_types::PEB<struct crashpad::process_types::internal::Traits32>>(void *,unsigned __int64,struct crashpad::process_types::PEB<struct crashpad::process_types::internal::Traits32> *): Only part of a ReadProcessMemory or WriteProcessMemory request was completed. (0x12B)
[0413/134151.881:ERROR:process_info.cc(559)] ReadProcessData failed
[0413/134151.881:ERROR:process_reader_win.cc(233)] ReadMemory at 0x739f7dc8 of 12 bytes failed: Only part of a ReadProcessMemory or WriteProcessMemory request was completed. (0x12B)
[0413/134151.881:WARNING:process_snapshot_win.cc(68)] ReadMemory ExceptionInformation failed
[0413/134151.881:WARNING:crash_report_exception_handler.cc(60)] ProcessSnapshotWin::Initialize failed
[0413/160033.062:ERROR:process_info.cc(625)] range at 0xfffde000, size 0x230 fully unreadable
[0413/160033.065:ERROR:process_info.cc(625)] range at 0xfffdd000, size 0xf84 fully unreadable
[0413/160033.065:ERROR:process_info.cc(625)] range at 0xfffda000, size 0xf84 fully unreadable
[0413/160033.065:ERROR:process_info.cc(625)] range at 0xfffaf000, size 0xf84 fully unreadable
[0413/160033.065:ERROR:process_info.cc(625)] range at 0xfffac000, size 0xf84 fully unreadable
[0426/165849.532:ERROR:scoped_process_suspend.cc(30)] NtSuspendProcess: An attempt was made to access an exiting process.  (0xc000010a)
[0426/165849.557:ERROR:process_info.cc(116)] ReadProcessMemory bool __cdecl crashpad::`anonymous-namespace'::ReadStruct<struct crashpad::process_types::PEB<struct crashpad::process_types::internal::Traits32>>(void *,unsigned __int64,struct crashpad::process_types::PEB<struct crashpad::process_types::internal::Traits32> *): Only part of a ReadProcessMemory or WriteProcessMemory request was completed. (0x12B)
[0426/165849.557:ERROR:process_info.cc(559)] ReadProcessData failed
[0426/165849.557:ERROR:process_reader_win.cc(233)] ReadMemory at 0x73d77dc8 of 12 bytes failed: Only part of a ReadProcessMemory or WriteProcessMemory request was completed. (0x12B)
[0426/165849.557:WARNING:process_snapshot_win.cc(68)] ReadMemory ExceptionInformation failed
[0426/165849.557:WARNING:crash_report_exception_handler.cc(60)] ProcessSnapshotWin::Initialize failed
[0427/015040.899:ERROR:process_info.cc(625)] range at 0xfffde000, size 0x230 fully unreadable
[0427/015040.899:ERROR:process_info.cc(625)] range at 0xfffdd000, size 0xf84 fully unreadable
[0427/015040.899:ERROR:process_info.cc(625)] range at 0xfffda000, size 0xf84 fully unreadable
[0427/015040.899:ERROR:process_info.cc(625)] range at 0xfffaf000, size 0xf84 fully unreadable
[0427/015040.899:ERROR:process_info.cc(625)] range at 0xfffac000, size 0xf84 fully unreadable
[0505/173709.571:ERROR:process_info.cc(343)] VirtualQueryEx: Access is denied. (0x5)
[0505/173709.626:ERROR:process_info.cc(564)] ReadMemoryInfo failed
[0505/173709.626:ERROR:process_reader_win.cc(233)] ReadMemory at 0x749e7dc8 of 12 bytes failed: Only part of a ReadProcessMemory or WriteProcessMemory request was completed. (0x12B)
[0505/173709.626:WARNING:process_snapshot_win.cc(68)] ReadMemory ExceptionInformation failed
[0505/173709.626:WARNING:crash_report_exception_handler.cc(60)] ProcessSnapshotWin::Initialize failed
[0505/173709.626:ERROR:scoped_process_suspend.cc(38)] NtResumeProcess: An attempt was made to access an exiting process.  (0xc000010a)
[0516/231458.339:ERROR:process_info.cc(625)] range at 0xfffde000, size 0x230 fully unreadable
[0516/231458.370:ERROR:process_info.cc(625)] range at 0xfffdd000, size 0xf84 fully unreadable
[0516/231543.215:ERROR:process_info.cc(625)] range at 0xfffde000, size 0x230 fully unreadable
[0516/231543.230:ERROR:process_info.cc(625)] range at 0xfffdd000, size 0xf84 fully unreadable
